1561404426901	mozrunner::runner	INFO	Running command: "/usr/bin/firefox" "-marionette" "-foreground" "-no-remote" "-profile" "/tmp/rust_mozprofile.oZv2v4gvFnXq"
1561404427128	addons.webextension.screenshots@mozilla.org	WARN	Loading extension 'screenshots@mozilla.org': Reading manifest: Invalid extension permission: mozillaAddons
1561404427128	addons.webextension.screenshots@mozilla.org	WARN	Loading extension 'screenshots@mozilla.org': Reading manifest: Invalid extension permission: resource://pdf.js/
1561404427128	addons.webextension.screenshots@mozilla.org	WARN	Loading extension 'screenshots@mozilla.org': Reading manifest: Invalid extension permission: about:reader*
1561404428157	Marionette	INFO	Listening on port 46087
1561404428206	Marionette	WARN	TLS certificate errors will be ignored for this session
JavaScript warning: https://cosmobox.org/1/js/jquery-1.9.1.min.js?v=1, line 2: Using //@ to indicate sourceMappingURL pragmas is deprecated. Use //# instead
console.error: BroadcastService: 
  receivedBroadcastMessage: handler for
  remote-settings/monitor_changes
  threw error:
  Message: Error: Polling for changes failed: http://%(server)s/dummy/blocklist//buckets/monitor/collections/changes/records?_expected=%221561148779474%22 is not a valid URL..
  Stack:
    remoteSettingsFunction/remoteSettings.pollChanges@resource://services-settings/remote-settings.js:203:13

JavaScript warning: https://cosmobox.org/1/js/jquery-1.9.1.min.js?v=1, line 2: Using //@ to indicate sourceMappingURL pragmas is deprecated. Use //# instead
JavaScript error: https://cosmobox.org/?op=my_files, line 3629: TypeError: $(...).autocomplete is not a function
JavaScript error: https://cosmobox.org/ree/cp/js/jquery.app.js, line 272: TypeError: $(...).slimscroll is not a function
console.error: BroadcastService: 
  receivedBroadcastMessage: handler for
  remote-settings/monitor_changes
  threw error:
  Message: Error: Polling for changes failed: http://%(server)s/dummy/blocklist//buckets/monitor/collections/changes/records?_expected=%221561398413242%22 is not a valid URL..
  Stack:
    remoteSettingsFunction/remoteSettings.pollChanges@resource://services-settings/remote-settings.js:203:13

1561410740619	mozrunner::runner	INFO	Running command: "/usr/bin/firefox" "-marionette" "-foreground" "-no-remote" "-profile" "/tmp/rust_mozprofile.M0l4fVSaNHC3"
1561410740876	addons.webextension.screenshots@mozilla.org	WARN	Loading extension 'screenshots@mozilla.org': Reading manifest: Invalid extension permission: mozillaAddons
1561410740877	addons.webextension.screenshots@mozilla.org	WARN	Loading extension 'screenshots@mozilla.org': Reading manifest: Invalid extension permission: resource://pdf.js/
1561410740877	addons.webextension.screenshots@mozilla.org	WARN	Loading extension 'screenshots@mozilla.org': Reading manifest: Invalid extension permission: about:reader*
1561410741884	Marionette	INFO	Listening on port 41155
1561410741923	Marionette	WARN	TLS certificate errors will be ignored for this session
[Parent 9902, Gecko_IOThread] WARNING: pipe error (94): Conexión reinicializada por la máquina remota: file /build/firefox-xkwMhH/firefox-67.0+build2/ipc/chromium/src/chrome/common/ipc_channel_posix.cc, line 357
[Parent 9902, Gecko_IOThread] WARNING: pipe error (80): Conexión reinicializada por la máquina remota: file /build/firefox-xkwMhH/firefox-67.0+build2/ipc/chromium/src/chrome/common/ipc_channel_posix.cc, line 357
1561410746629	Marionette	INFO	Stopped listening on port 41155
JavaScript error: https://cosmobox.org/ree/cp/js/jquery.app.js, line 272: TypeError: $(...).slimscroll is not a function
JavaScript error: https://cosmobox.org/ree/cp/js/jquery.app.js, line 272: TypeError: $(...).slimscroll is not a function
IPDL protocol error: Handler returned error code!

###!!! [Parent][DispatchAsyncMessage] Error: PLayerTransaction::Msg_ReleaseLayer Processing error: message was deserialized, but the handler returned false (indicating failure)

[Parent 7364, Gecko_IOThread] WARNING: pipe error (114): Conexión reinicializada por la máquina remota: file /build/firefox-xkwMhH/firefox-67.0+build2/ipc/chromium/src/chrome/common/ipc_channel_posix.cc, line 357
1561465143218	Marionette	INFO	Stopped listening on port 46087
[Parent 7364, Gecko_IOThread] WARNING: pipe error (80): Conexión reinicializada por la máquina remota: file /build/firefox-xkwMhH/firefox-67.0+build2/ipc/chromium/src/chrome/common/ipc_channel_posix.cc, line 357
1561771366936	mozrunner::runner	INFO	Running command: "/usr/bin/firefox" "-marionette" "-foreground" "-no-remote" "-profile" "/tmp/rust_mozprofile.SEZV9wgzs1fp"
1561771367164	addons.webextension.screenshots@mozilla.org	WARN	Loading extension 'screenshots@mozilla.org': Reading manifest: Invalid extension permission: mozillaAddons
1561771367165	addons.webextension.screenshots@mozilla.org	WARN	Loading extension 'screenshots@mozilla.org': Reading manifest: Invalid extension permission: resource://pdf.js/
1561771367165	addons.webextension.screenshots@mozilla.org	WARN	Loading extension 'screenshots@mozilla.org': Reading manifest: Invalid extension permission: about:reader*
1561771368171	Marionette	INFO	Listening on port 42981
1561771368241	Marionette	WARN	TLS certificate errors will be ignored for this session
JavaScript warning: https://cosmobox.org/1/js/jquery-1.9.1.min.js?v=1, line 2: Using //@ to indicate sourceMappingURL pragmas is deprecated. Use //# instead
JavaScript warning: https://cosmobox.org/1/js/jquery-1.9.1.min.js?v=1, line 2: Using //@ to indicate sourceMappingURL pragmas is deprecated. Use //# instead
JavaScript error: https://cosmobox.org/?op=my_files, line 3629: TypeError: $(...).autocomplete is not a function
JavaScript error: https://cosmobox.org/ree/cp/js/jquery.app.js, line 272: TypeError: $(...).slimscroll is not a function
console.error: BroadcastService: 
  receivedBroadcastMessage: handler for
  remote-settings/monitor_changes
  threw error:
  Message: Error: Polling for changes failed: http://%(server)s/dummy/blocklist//buckets/monitor/collections/changes/records?_expected=%221561710153920%22 is not a valid URL..
  Stack:
    remoteSettingsFunction/remoteSettings.pollChanges@resource://services-settings/remote-settings.js:203:13

JavaScript warning: https://cosmobox.org/1/js/jquery-1.9.1.min.js?v=1, line 2: Using //@ to indicate sourceMappingURL pragmas is deprecated. Use //# instead
console.error: "TypeError: currentNode is null: canMutationImpactCurrentStyles@resource://devtools/client/inspector/shared/style-change-tracker.js:64:20\nonMutations@resource://devtools/client/inspector/shared/style-change-tracker.js:82:11\nemit@resource://devtools/shared/event-emitter.js:186:24\nemit@resource://devtools/shared/event-emitter.js:267:18\ngetMutations/<@resource://devtools/shared/fronts/inspector.js:402:12\n"
TypeError: currentNode is null: canMutationImpactCurrentStyles@resource://devtools/client/inspector/shared/style-change-tracker.js:64:20
onMutations@resource://devtools/client/inspector/shared/style-change-tracker.js:82:11
emit@resource://devtools/shared/event-emitter.js:186:24
emit@resource://devtools/shared/event-emitter.js:267:18
getMutations/<@resource://devtools/shared/fronts/inspector.js:402:12

console.warn: "Error while detaching the thread front: 'detach' request packet to 'server1.conn0.child1/context19' can't be sent as the connection is closed."
IPDL protocol error: Handler returned error code!

###!!! [Parent][DispatchAsyncMessage] Error: PLayerTransaction::Msg_ReleaseLayer Processing error: message was deserialized, but the handler returned false (indicating failure)

IPDL protocol error: Handler returned error code!

###!!! [Parent][DispatchAsyncMessage] Error: PLayerTransaction::Msg_ReleaseLayer Processing error: message was deserialized, but the handler returned false (indicating failure)

IPDL protocol error: Handler returned error code!

###!!! [Parent][DispatchAsyncMessage] Error: PLayerTransaction::Msg_ReleaseLayer Processing error: message was deserialized, but the handler returned false (indicating failure)

IPDL protocol error: Handler returned error code!

###!!! [Parent][DispatchAsyncMessage] Error: PLayerTransaction::Msg_ReleaseLayer Processing error: message was deserialized, but the handler returned false (indicating failure)

IPDL protocol error: Handler returned error code!

###!!! [Parent][DispatchAsyncMessage] Error: PLayerTransaction::Msg_ReleaseLayer Processing error: message was deserialized, but the handler returned false (indicating failure)

IPDL protocol error: Handler returned error code!

###!!! [Parent][DispatchAsyncMessage] Error: PLayerTransaction::Msg_ReleaseLayer Processing error: message was deserialized, but the handler returned false (indicating failure)

IPDL protocol error: Handler returned error code!

###!!! [Parent][DispatchAsyncMessage] Error: PLayerTransaction::Msg_ReleaseLayer Processing error: message was deserialized, but the handler returned false (indicating failure)

IPDL protocol error: Handler returned error code!

###!!! [Parent][DispatchAsyncMessage] Error: PLayerTransaction::Msg_ReleaseLayer Processing error: message was deserialized, but the handler returned false (indicating failure)

IPDL protocol error: Handler returned error code!

###!!! [Parent][DispatchAsyncMessage] Error: PLayerTransaction::Msg_ReleaseLayer Processing error: message was deserialized, but the handler returned false (indicating failure)

IPDL protocol error: Handler returned error code!

###!!! [Parent][DispatchAsyncMessage] Error: PLayerTransaction::Msg_ReleaseLayer Processing error: message was deserialized, but the handler returned false (indicating failure)

IPDL protocol error: Handler returned error code!

###!!! [Parent][DispatchAsyncMessage] Error: PLayerTransaction::Msg_ReleaseLayer Processing error: message was deserialized, but the handler returned false (indicating failure)

IPDL protocol error: Handler returned error code!

###!!! [Parent][DispatchAsyncMessage] Error: PLayerTransaction::Msg_ReleaseLayer Processing error: message was deserialized, but the handler returned false (indicating failure)

IPDL protocol error: Handler returned error code!

###!!! [Parent][DispatchAsyncMessage] Error: PLayerTransaction::Msg_ReleaseLayer Processing error: message was deserialized, but the handler returned false (indicating failure)

IPDL protocol error: Handler returned error code!

###!!! [Parent][DispatchAsyncMessage] Error: PLayerTransaction::Msg_ReleaseLayer Processing error: message was deserialized, but the handler returned false (indicating failure)

IPDL protocol error: Handler returned error code!

###!!! [Parent][DispatchAsyncMessage] Error: PLayerTransaction::Msg_ReleaseLayer Processing error: message was deserialized, but the handler returned false (indicating failure)

IPDL protocol error: Handler returned error code!

###!!! [Parent][DispatchAsyncMessage] Error: PLayerTransaction::Msg_ReleaseLayer Processing error: message was deserialized, but the handler returned false (indicating failure)

IPDL protocol error: Handler returned error code!

###!!! [Parent][DispatchAsyncMessage] Error: PLayerTransaction::Msg_ReleaseLayer Processing error: message was deserialized, but the handler returned false (indicating failure)

IPDL protocol error: Handler returned error code!

###!!! [Parent][DispatchAsyncMessage] Error: PLayerTransaction::Msg_ReleaseLayer Processing error: message was deserialized, but the handler returned false (indicating failure)

[Parent 7800, Gecko_IOThread] WARNING: pipe error (104): Conexión reinicializada por la máquina remota: file /build/firefox-ubqoiK/firefox-67.0.4+build1/ipc/chromium/src/chrome/common/ipc_channel_posix.cc, line 357
1561772749828	Marionette	INFO	Stopped listening on port 42981
[Parent 7800, Gecko_IOThread] WARNING: pipe error (80): Conexión reinicializada por la máquina remota: file /build/firefox-ubqoiK/firefox-67.0.4+build1/ipc/chromium/src/chrome/common/ipc_channel_posix.cc, line 357
1561772751354	mozrunner::runner	INFO	Running command: "/usr/bin/firefox" "-marionette" "-foreground" "-no-remote" "-profile" "/tmp/rust_mozprofile.lOmZDK68lXab"
1561772751579	addons.webextension.screenshots@mozilla.org	WARN	Loading extension 'screenshots@mozilla.org': Reading manifest: Invalid extension permission: mozillaAddons
1561772751579	addons.webextension.screenshots@mozilla.org	WARN	Loading extension 'screenshots@mozilla.org': Reading manifest: Invalid extension permission: resource://pdf.js/
1561772751579	addons.webextension.screenshots@mozilla.org	WARN	Loading extension 'screenshots@mozilla.org': Reading manifest: Invalid extension permission: about:reader*
1561772752519	Marionette	INFO	Listening on port 38199
1561772752557	Marionette	WARN	TLS certificate errors will be ignored for this session
JavaScript warning: https://cosmobox.org/1/js/jquery-1.9.1.min.js?v=1, line 2: Using //@ to indicate sourceMappingURL pragmas is deprecated. Use //# instead

(/usr/lib/firefox/firefox:8830): dconf-WARNING **: 03:47:38.201: Unable to open /var/lib/snapd/desktop/dconf/profile/user: Permiso denegado
JavaScript warning: https://cosmobox.org/1/js/jquery-1.9.1.min.js?v=1, line 2: Using //@ to indicate sourceMappingURL pragmas is deprecated. Use //# instead
JavaScript error: https://cosmobox.org/?op=my_files, line 3629: TypeError: $(...).autocomplete is not a function
JavaScript error: https://cosmobox.org/ree/cp/js/jquery.app.js, line 272: TypeError: $(...).slimscroll is not a function
JavaScript warning: https://cosmobox.org/1/js/jquery-1.9.1.min.js?v=1, line 2: Using //@ to indicate sourceMappingURL pragmas is deprecated. Use //# instead
console.error: BroadcastService: 
  receivedBroadcastMessage: handler for
  remote-settings/monitor_changes
  threw error:
  Message: Error: Polling for changes failed: http://%(server)s/dummy/blocklist//buckets/monitor/collections/changes/records?_expected=%221561710153920%22 is not a valid URL..
  Stack:
    remoteSettingsFunction/remoteSettings.pollChanges@resource://services-settings/remote-settings.js:203:13

1561773166101	mozrunner::runner	INFO	Running command: "/usr/bin/firefox" "-marionette" "-foreground" "-no-remote" "-profile" "/tmp/rust_mozprofile.XkDCxgDgfrsw"
1561773166339	addons.webextension.screenshots@mozilla.org	WARN	Loading extension 'screenshots@mozilla.org': Reading manifest: Invalid extension permission: mozillaAddons
1561773166340	addons.webextension.screenshots@mozilla.org	WARN	Loading extension 'screenshots@mozilla.org': Reading manifest: Invalid extension permission: resource://pdf.js/
1561773166340	addons.webextension.screenshots@mozilla.org	WARN	Loading extension 'screenshots@mozilla.org': Reading manifest: Invalid extension permission: about:reader*
1561773167367	Marionette	INFO	Listening on port 34911
1561773167406	Marionette	WARN	TLS certificate errors will be ignored for this session
1561773199232	mozrunner::runner	INFO	Running command: "/usr/bin/firefox" "-marionette" "-foreground" "-no-remote" "-profile" "/tmp/rust_mozprofile.ifv8eP9ZzhTv"
1561773199471	addons.webextension.screenshots@mozilla.org	WARN	Loading extension 'screenshots@mozilla.org': Reading manifest: Invalid extension permission: mozillaAddons
1561773199472	addons.webextension.screenshots@mozilla.org	WARN	Loading extension 'screenshots@mozilla.org': Reading manifest: Invalid extension permission: resource://pdf.js/
1561773199472	addons.webextension.screenshots@mozilla.org	WARN	Loading extension 'screenshots@mozilla.org': Reading manifest: Invalid extension permission: about:reader*
1561773200509	Marionette	INFO	Listening on port 37133
1561773200537	Marionette	WARN	TLS certificate errors will be ignored for this session
JavaScript warning: https://cosmobox.org/1/js/jquery-1.9.1.min.js?v=1, line 2: Using //@ to indicate sourceMappingURL pragmas is deprecated. Use //# instead

(/usr/lib/firefox/firefox:9683): dconf-WARNING **: 03:53:38.426: Unable to open /var/lib/snapd/desktop/dconf/profile/user: Permiso denegado
JavaScript warning: https://cosmobox.org/1/js/jquery-1.9.1.min.js?v=1, line 2: Using //@ to indicate sourceMappingURL pragmas is deprecated. Use //# instead
JavaScript error: https://cosmobox.org/?op=my_files, line 3629: TypeError: $(...).autocomplete is not a function
JavaScript error: https://cosmobox.org/ree/cp/js/jquery.app.js, line 272: TypeError: $(...).slimscroll is not a function
JavaScript warning: https://cosmobox.org/1/js/jquery-1.9.1.min.js?v=1, line 2: Using //@ to indicate sourceMappingURL pragmas is deprecated. Use //# instead
[Parent 9165, Gecko_IOThread] WARNING: pipe error (80): Conexión reinicializada por la máquina remota: file /build/firefox-ubqoiK/firefox-67.0.4+build1/ipc/chromium/src/chrome/common/ipc_channel_posix.cc, line 357
[Parent 9165, Gecko_IOThread] WARNING: pipe error (97): Conexión reinicializada por la máquina remota: file /build/firefox-ubqoiK/firefox-67.0.4+build1/ipc/chromium/src/chrome/common/ipc_channel_posix.cc, line 357
1561773266727	Marionette	INFO	Stopped listening on port 34911
JavaScript warning: https://www.geeksforgeeks.org/wp-content/themes/iconic-one/js/gfg.min.js?ver=10.27, line 93: unreachable code after return statement
JavaScript warning: https://www.geeksforgeeks.org/wp-content/themes/iconic-one/js/gfg.min.js?ver=10.27, line 93: unreachable code after return statement
console.error: BroadcastService: 
  receivedBroadcastMessage: handler for
  remote-settings/monitor_changes
  threw error:
  Message: Error: Polling for changes failed: http://%(server)s/dummy/blocklist//buckets/monitor/collections/changes/records?_expected=%221561710153920%22 is not a valid URL..
  Stack:
    remoteSettingsFunction/remoteSettings.pollChanges@resource://services-settings/remote-settings.js:203:13

[Parent 8665, Gecko_IOThread] WARNING: pipe error (80): Conexión reinicializada por la máquina remota: file /build/firefox-ubqoiK/firefox-67.0.4+build1/ipc/chromium/src/chrome/common/ipc_channel_posix.cc, line 357
[Parent 8665, Gecko_IOThread] WARNING: pipe error (94): Conexión reinicializada por la máquina remota: file /build/firefox-ubqoiK/firefox-67.0.4+build1/ipc/chromium/src/chrome/common/ipc_channel_posix.cc, line 357
1561774197870	Marionette	INFO	Stopped listening on port 38199
1561774409081	mozrunner::runner	INFO	Running command: "/usr/bin/firefox" "-marionette" "-foreground" "-no-remote" "-profile" "/tmp/rust_mozprofile.q2xqGQlPoKdv"
1561774409322	addons.webextension.screenshots@mozilla.org	WARN	Loading extension 'screenshots@mozilla.org': Reading manifest: Invalid extension permission: mozillaAddons
1561774409322	addons.webextension.screenshots@mozilla.org	WARN	Loading extension 'screenshots@mozilla.org': Reading manifest: Invalid extension permission: resource://pdf.js/
1561774409322	addons.webextension.screenshots@mozilla.org	WARN	Loading extension 'screenshots@mozilla.org': Reading manifest: Invalid extension permission: about:reader*
1561774410303	Marionette	INFO	Listening on port 40977
1561774410386	Marionette	WARN	TLS certificate errors will be ignored for this session
JavaScript warning: https://cosmobox.org/1/js/jquery-1.9.1.min.js?v=1, line 2: Using //@ to indicate sourceMappingURL pragmas is deprecated. Use //# instead
console.error: BroadcastService: 
  receivedBroadcastMessage: handler for
  remote-settings/monitor_changes
  threw error:
  Message: Error: Polling for changes failed: http://%(server)s/dummy/blocklist//buckets/monitor/collections/changes/records?_expected=%221561710153920%22 is not a valid URL..
  Stack:
    remoteSettingsFunction/remoteSettings.pollChanges@resource://services-settings/remote-settings.js:203:13


(/usr/lib/firefox/firefox:9911): dconf-WARNING **: 04:18:55.136: Unable to open /var/lib/snapd/desktop/dconf/profile/user: Permiso denegado
console.error: "Error: Can not send request because front 'domnode' is already destroyed.: generateRequestMethods/</frontProto[name]@resource://devtools/shared/protocol.js:1493:15\nupdateSelectionCssSelector@resource://devtools/client/inspector/inspector.js:1187:32\nonNewSelection@resource://devtools/client/inspector/inspector.js:1252:10\nemit@resource://devtools/shared/event-emitter.js:186:24\nemit@resource://devtools/shared/event-emitter.js:267:18\nsetNodeFront@resource://devtools/client/framework/selection.js:153:10\nonDetached@resource://devtools/client/inspector/inspector.js:1325:20\nemit@resource://devtools/shared/event-emitter.js:186:24\nemit@resource://devtools/shared/event-emitter.js:267:18\n_onMutations@resource://devtools/client/framework/selection.js:105:12\nemit@resource://devtools/shared/event-emitter.js:186:24\nemit@resource://devtools/shared/event-emitter.js:267:18\ngetMutations/<@resource://devtools/shared/fronts/inspector.js:402:12\n"
Error: Can not send request because front 'domnode' is already destroyed.: generateRequestMethods/</frontProto[name]@resource://devtools/shared/protocol.js:1493:15
updateSelectionCssSelector@resource://devtools/client/inspector/inspector.js:1187:32
onNewSelection@resource://devtools/client/inspector/inspector.js:1252:10
emit@resource://devtools/shared/event-emitter.js:186:24
emit@resource://devtools/shared/event-emitter.js:267:18
setNodeFront@resource://devtools/client/framework/selection.js:153:10
onDetached@resource://devtools/client/inspector/inspector.js:1325:20
emit@resource://devtools/shared/event-emitter.js:186:24
emit@resource://devtools/shared/event-emitter.js:267:18
_onMutations@resource://devtools/client/framework/selection.js:105:12
emit@resource://devtools/shared/event-emitter.js:186:24
emit@resource://devtools/shared/event-emitter.js:267:18
getMutations/<@resource://devtools/shared/fronts/inspector.js:402:12

console.error: "TypeError: parent is null: canMutationImpactCurrentStyles@resource://devtools/client/inspector/shared/style-change-tracker.js:65:24\nonMutations@resource://devtools/client/inspector/shared/style-change-tracker.js:82:11\nemit@resource://devtools/shared/event-emitter.js:186:24\nemit@resource://devtools/shared/event-emitter.js:267:18\ngetMutations/<@resource://devtools/shared/fronts/inspector.js:402:12\n"
TypeError: parent is null: canMutationImpactCurrentStyles@resource://devtools/client/inspector/shared/style-change-tracker.js:65:24
onMutations@resource://devtools/client/inspector/shared/style-change-tracker.js:82:11
emit@resource://devtools/shared/event-emitter.js:186:24
emit@resource://devtools/shared/event-emitter.js:267:18
getMutations/<@resource://devtools/shared/fronts/inspector.js:402:12

console.error: "TypeError: parent is null: canMutationImpactCurrentStyles@resource://devtools/client/inspector/shared/style-change-tracker.js:65:24\nonMutations@resource://devtools/client/inspector/shared/style-change-tracker.js:82:11\nemit@resource://devtools/shared/event-emitter.js:186:24\nemit@resource://devtools/shared/event-emitter.js:267:18\ngetMutations/<@resource://devtools/shared/fronts/inspector.js:402:12\n"
TypeError: parent is null: canMutationImpactCurrentStyles@resource://devtools/client/inspector/shared/style-change-tracker.js:65:24
onMutations@resource://devtools/client/inspector/shared/style-change-tracker.js:82:11
emit@resource://devtools/shared/event-emitter.js:186:24
emit@resource://devtools/shared/event-emitter.js:267:18
getMutations/<@resource://devtools/shared/fronts/inspector.js:402:12

console.warn: "Error while detaching the thread front: 'detach' request packet to 'server1.conn0.child1/context19' can't be sent as the connection is closed."
[Parent 10514, Gecko_IOThread] WARNING: pipe error (86): Conexión reinicializada por la máquina remota: file /build/firefox-ubqoiK/firefox-67.0.4+build1/ipc/chromium/src/chrome/common/ipc_channel_posix.cc, line 357
[Parent 10514, Gecko_IOThread] WARNING: pipe error (80): Conexión reinicializada por la máquina remota: file /build/firefox-ubqoiK/firefox-67.0.4+build1/ipc/chromium/src/chrome/common/ipc_channel_posix.cc, line 357
1561774844886	Marionette	INFO	Stopped listening on port 40977
1561774850960	mozrunner::runner	INFO	Running command: "/usr/bin/firefox" "-marionette" "-foreground" "-no-remote" "-profile" "/tmp/rust_mozprofile.ORVFSj2JLBEc"
1561774851193	addons.webextension.screenshots@mozilla.org	WARN	Loading extension 'screenshots@mozilla.org': Reading manifest: Invalid extension permission: mozillaAddons
1561774851193	addons.webextension.screenshots@mozilla.org	WARN	Loading extension 'screenshots@mozilla.org': Reading manifest: Invalid extension permission: resource://pdf.js/
1561774851193	addons.webextension.screenshots@mozilla.org	WARN	Loading extension 'screenshots@mozilla.org': Reading manifest: Invalid extension permission: about:reader*
1561774852218	Marionette	INFO	Listening on port 46733
1561774852269	Marionette	WARN	TLS certificate errors will be ignored for this session
JavaScript warning: https://cosmobox.org/1/js/jquery-1.9.1.min.js?v=1, line 2: Using //@ to indicate sourceMappingURL pragmas is deprecated. Use //# instead

(/usr/lib/firefox/firefox:11147): dconf-WARNING **: 04:20:57.900: Unable to open /var/lib/snapd/desktop/dconf/profile/user: Permiso denegado
1561774982600	mozrunner::runner	INFO	Running command: "/usr/bin/firefox" "-marionette" "-foreground" "-no-remote" "-profile" "/tmp/rust_mozprofile.LqzWMZq1Ipvl"
1561774982833	addons.webextension.screenshots@mozilla.org	WARN	Loading extension 'screenshots@mozilla.org': Reading manifest: Invalid extension permission: mozillaAddons
1561774982833	addons.webextension.screenshots@mozilla.org	WARN	Loading extension 'screenshots@mozilla.org': Reading manifest: Invalid extension permission: resource://pdf.js/
1561774982833	addons.webextension.screenshots@mozilla.org	WARN	Loading extension 'screenshots@mozilla.org': Reading manifest: Invalid extension permission: about:reader*
1561774984017	Marionette	INFO	Listening on port 34487
1561774984139	Marionette	WARN	TLS certificate errors will be ignored for this session
JavaScript warning: https://cosmobox.org/1/js/jquery-1.9.1.min.js?v=1, line 2: Using //@ to indicate sourceMappingURL pragmas is deprecated. Use //# instead
JavaScript warning: https://cosmobox.org/1/js/jquery-1.9.1.min.js?v=1, line 2: Using //@ to indicate sourceMappingURL pragmas is deprecated. Use //# instead
JavaScript error: https://cosmobox.org/?op=my_files, line 3629: TypeError: $(...).autocomplete is not a function
JavaScript error: https://cosmobox.org/ree/cp/js/jquery.app.js, line 272: TypeError: $(...).slimscroll is not a function
JavaScript error: https://cosmobox.org/ree/cp/js/jquery.app.js, line 272: TypeError: $(...).slimscroll is not a function
[Parent 10976, Gecko_IOThread] WARNING: pipe error (99): Conexión reinicializada por la máquina remota: file /build/firefox-ubqoiK/firefox-67.0.4+build1/ipc/chromium/src/chrome/common/ipc_channel_posix.cc, line 357
[Parent 10976, Gecko_IOThread] WARNING: pipe error (80): Conexión reinicializada por la máquina remota: file /build/firefox-ubqoiK/firefox-67.0.4+build1/ipc/chromium/src/chrome/common/ipc_channel_posix.cc, line 357
1561775096327	Marionette	INFO	Stopped listening on port 46733
[Parent 11353, Gecko_IOThread] WARNING: pipe error (104): Conexión reinicializada por la máquina remota: file /build/firefox-ubqoiK/firefox-67.0.4+build1/ipc/chromium/src/chrome/common/ipc_channel_posix.cc, line 357
[Parent 11353, Gecko_IOThread] WARNING: pipe error (80): Conexión reinicializada por la máquina remota: file /build/firefox-ubqoiK/firefox-67.0.4+build1/ipc/chromium/src/chrome/common/ipc_channel_posix.cc, line 357
1561775098267	Marionette	INFO	Stopped listening on port 34487
1561775100768	mozrunner::runner	INFO	Running command: "/usr/bin/firefox" "-marionette" "-foreground" "-no-remote" "-profile" "/tmp/rust_mozprofile.tbypemZ31K2y"
1561775100995	addons.webextension.screenshots@mozilla.org	WARN	Loading extension 'screenshots@mozilla.org': Reading manifest: Invalid extension permission: mozillaAddons
1561775100996	addons.webextension.screenshots@mozilla.org	WARN	Loading extension 'screenshots@mozilla.org': Reading manifest: Invalid extension permission: resource://pdf.js/
1561775100996	addons.webextension.screenshots@mozilla.org	WARN	Loading extension 'screenshots@mozilla.org': Reading manifest: Invalid extension permission: about:reader*
1561775102121	Marionette	INFO	Listening on port 39979
1561775102186	Marionette	WARN	TLS certificate errors will be ignored for this session
JavaScript warning: https://cosmobox.org/1/js/jquery-1.9.1.min.js?v=1, line 2: Using //@ to indicate sourceMappingURL pragmas is deprecated. Use //# instead
JavaScript warning: https://cosmobox.org/1/js/jquery-1.9.1.min.js?v=1, line 2: Using //@ to indicate sourceMappingURL pragmas is deprecated. Use //# instead
JavaScript error: https://cosmobox.org/?op=my_files, line 3629: TypeError: $(...).autocomplete is not a function
JavaScript error: https://cosmobox.org/ree/cp/js/jquery.app.js, line 272: TypeError: $(...).slimscroll is not a function
JavaScript warning: https://cosmobox.org/1/js/jquery-1.9.1.min.js?v=1, line 2: Using //@ to indicate sourceMappingURL pragmas is deprecated. Use //# instead
console.error: BroadcastService: 
  receivedBroadcastMessage: handler for
  remote-settings/monitor_changes
  threw error:
  Message: Error: Polling for changes failed: http://%(server)s/dummy/blocklist//buckets/monitor/collections/changes/records?_expected=%221561710153920%22 is not a valid URL..
  Stack:
    remoteSettingsFunction/remoteSettings.pollChanges@resource://services-settings/remote-settings.js:203:13

[Parent 11744, Gecko_IOThread] WARNING: pipe error (80): Conexión reinicializada por la máquina remota: file /build/firefox-ubqoiK/firefox-67.0.4+build1/ipc/chromium/src/chrome/common/ipc_channel_posix.cc, line 357
[Parent 11744, Gecko_IOThread] WARNING: pipe error (97): Conexión reinicializada por la máquina remota: file /build/firefox-ubqoiK/firefox-67.0.4+build1/ipc/chromium/src/chrome/common/ipc_channel_posix.cc, line 357
1561775338128	Marionette	INFO	Stopped listening on port 39979
1561775342258	mozrunner::runner	INFO	Running command: "/usr/bin/firefox" "-marionette" "-foreground" "-no-remote" "-profile" "/tmp/rust_mozprofile.pxAlbSzEAKmV"
1561775342492	addons.webextension.screenshots@mozilla.org	WARN	Loading extension 'screenshots@mozilla.org': Reading manifest: Invalid extension permission: mozillaAddons
1561775342492	addons.webextension.screenshots@mozilla.org	WARN	Loading extension 'screenshots@mozilla.org': Reading manifest: Invalid extension permission: resource://pdf.js/
1561775342492	addons.webextension.screenshots@mozilla.org	WARN	Loading extension 'screenshots@mozilla.org': Reading manifest: Invalid extension permission: about:reader*
1561775343511	Marionette	INFO	Listening on port 41661
1561775343563	Marionette	WARN	TLS certificate errors will be ignored for this session
JavaScript warning: https://cosmobox.org/1/js/jquery-1.9.1.min.js?v=1, line 2: Using //@ to indicate sourceMappingURL pragmas is deprecated. Use //# instead
JavaScript warning: https://cosmobox.org/1/js/jquery-1.9.1.min.js?v=1, line 2: Using //@ to indicate sourceMappingURL pragmas is deprecated. Use //# instead
JavaScript error: https://cosmobox.org/?op=my_files, line 3629: TypeError: $(...).autocomplete is not a function
JavaScript error: https://cosmobox.org/ree/cp/js/jquery.app.js, line 272: TypeError: $(...).slimscroll is not a function
JavaScript warning: https://cosmobox.org/1/js/jquery-1.9.1.min.js?v=1, line 2: Using //@ to indicate sourceMappingURL pragmas is deprecated. Use //# instead
console.error: BroadcastService: 
  receivedBroadcastMessage: handler for
  remote-settings/monitor_changes
  threw error:
  Message: Error: Polling for changes failed: http://%(server)s/dummy/blocklist//buckets/monitor/collections/changes/records?_expected=%221561710153920%22 is not a valid URL..
  Stack:
    remoteSettingsFunction/remoteSettings.pollChanges@resource://services-settings/remote-settings.js:203:13

JavaScript warning: https://cosmobox.org/1/js/jquery-1.9.1.min.js?v=1, line 2: Using //@ to indicate sourceMappingURL pragmas is deprecated. Use //# instead
Exiting due to channel error.
Exiting due to channel error.
Exiting due to channel error.
Exiting due to channel error.
Exiting due to channel error.
Exiting due to channel error.
Exiting due to channel error.
Exiting due to channel error.
Exiting due to channel error.
1561775657816	mozrunner::runner	INFO	Running command: "/usr/bin/firefox" "-marionette" "-foreground" "-no-remote" "-profile" "/tmp/rust_mozprofile.S1hX3VFwAljL"
1561775658041	addons.webextension.screenshots@mozilla.org	WARN	Loading extension 'screenshots@mozilla.org': Reading manifest: Invalid extension permission: mozillaAddons
1561775658041	addons.webextension.screenshots@mozilla.org	WARN	Loading extension 'screenshots@mozilla.org': Reading manifest: Invalid extension permission: resource://pdf.js/
1561775658041	addons.webextension.screenshots@mozilla.org	WARN	Loading extension 'screenshots@mozilla.org': Reading manifest: Invalid extension permission: about:reader*
1561775659068	Marionette	INFO	Listening on port 38199
1561775659121	Marionette	WARN	TLS certificate errors will be ignored for this session
JavaScript warning: https://cosmobox.org/1/js/jquery-1.9.1.min.js?v=1, line 2: Using //@ to indicate sourceMappingURL pragmas is deprecated. Use //# instead
JavaScript warning: https://cosmobox.org/1/js/jquery-1.9.1.min.js?v=1, line 2: Using //@ to indicate sourceMappingURL pragmas is deprecated. Use //# instead
JavaScript error: https://cosmobox.org/?op=my_files, line 3629: TypeError: $(...).autocomplete is not a function
JavaScript error: https://cosmobox.org/ree/cp/js/jquery.app.js, line 272: TypeError: $(...).slimscroll is not a function
JavaScript warning: https://cosmobox.org/1/js/jquery-1.9.1.min.js?v=1, line 2: Using //@ to indicate sourceMappingURL pragmas is deprecated. Use //# instead
JavaScript warning: https://cosmobox.org/1/js/jquery-1.9.1.min.js?v=1, line 2: Using //@ to indicate sourceMappingURL pragmas is deprecated. Use //# instead
console.error: BroadcastService: 
  receivedBroadcastMessage: handler for
  remote-settings/monitor_changes
  threw error:
  Message: Error: Polling for changes failed: http://%(server)s/dummy/blocklist//buckets/monitor/collections/changes/records?_expected=%221561710153920%22 is not a valid URL..
  Stack:
    remoteSettingsFunction/remoteSettings.pollChanges@resource://services-settings/remote-settings.js:203:13

JavaScript warning: https://ajax.googleapis.com/ajax/libs/jquery/1.10.2/jquery.min.js, line 2: Using //@ to indicate sourceMappingURL pragmas is deprecated. Use //# instead
1561776846620	mozrunner::runner	INFO	Running command: "/usr/bin/firefox" "-marionette" "-foreground" "-no-remote" "-profile" "/tmp/rust_mozprofile.TOnNiArtJLKI"
1561776846848	addons.webextension.screenshots@mozilla.org	WARN	Loading extension 'screenshots@mozilla.org': Reading manifest: Invalid extension permission: mozillaAddons
1561776846848	addons.webextension.screenshots@mozilla.org	WARN	Loading extension 'screenshots@mozilla.org': Reading manifest: Invalid extension permission: resource://pdf.js/
1561776846848	addons.webextension.screenshots@mozilla.org	WARN	Loading extension 'screenshots@mozilla.org': Reading manifest: Invalid extension permission: about:reader*
1561776847859	Marionette	INFO	Listening on port 37803
1561776847929	Marionette	WARN	TLS certificate errors will be ignored for this session
JavaScript warning: https://cosmobox.org/1/js/jquery-1.9.1.min.js?v=1, line 2: Using //@ to indicate sourceMappingURL pragmas is deprecated. Use //# instead
JavaScript warning: https://cosmobox.org/1/js/jquery-1.9.1.min.js?v=1, line 2: Using //@ to indicate sourceMappingURL pragmas is deprecated. Use //# instead
JavaScript error: https://cosmobox.org/?op=my_files, line 3629: TypeError: $(...).autocomplete is not a function
JavaScript error: https://cosmobox.org/ree/cp/js/jquery.app.js, line 272: TypeError: $(...).slimscroll is not a function
JavaScript warning: https://cosmobox.org/1/js/jquery-1.9.1.min.js?v=1, line 2: Using //@ to indicate sourceMappingURL pragmas is deprecated. Use //# instead
console.error: BroadcastService: 
  receivedBroadcastMessage: handler for
  remote-settings/monitor_changes
  threw error:
  Message: Error: Polling for changes failed: http://%(server)s/dummy/blocklist//buckets/monitor/collections/changes/records?_expected=%221561710153920%22 is not a valid URL..
  Stack:
    remoteSettingsFunction/remoteSettings.pollChanges@resource://services-settings/remote-settings.js:203:13

JavaScript warning: https://www.tutorialspoint.com/theme/js/script-min-v4.js?v=2, line 3: Using //@ to indicate sourceMappingURL pragmas is deprecated. Use //# instead
JavaScript error: https://s0.2mdn.net/5991935/1560445881946/300x250/300x250_dp_dbm_cuentas_cco_no-indice-riesgo_amazon-40_ros.html, line 24: TypeError: this.gotoAndPlay is not a function
JavaScript error: https://s0.2mdn.net/5991935/1560445881946/300x250/300x250_dp_dbm_cuentas_cco_no-indice-riesgo_amazon-40_ros.js?1559556737882, line 1404: TypeError: this.btn is undefined
1561777100829	mozrunner::runner	INFO	Running command: "/usr/bin/firefox" "-marionette" "-foreground" "-no-remote" "-profile" "/tmp/rust_mozprofile.rDZ0PMh0KZPX"
1561777101060	addons.webextension.screenshots@mozilla.org	WARN	Loading extension 'screenshots@mozilla.org': Reading manifest: Invalid extension permission: mozillaAddons
1561777101060	addons.webextension.screenshots@mozilla.org	WARN	Loading extension 'screenshots@mozilla.org': Reading manifest: Invalid extension permission: resource://pdf.js/
1561777101060	addons.webextension.screenshots@mozilla.org	WARN	Loading extension 'screenshots@mozilla.org': Reading manifest: Invalid extension permission: about:reader*
1561777102214	Marionette	INFO	Listening on port 43643
1561777102233	Marionette	WARN	TLS certificate errors will be ignored for this session
JavaScript warning: https://cosmobox.org/1/js/jquery-1.9.1.min.js?v=1, line 2: Using //@ to indicate sourceMappingURL pragmas is deprecated. Use //# instead
JavaScript warning: https://cosmobox.org/1/js/jquery-1.9.1.min.js?v=1, line 2: Using //@ to indicate sourceMappingURL pragmas is deprecated. Use //# instead
JavaScript error: https://cosmobox.org/?op=my_files, line 3629: TypeError: $(...).autocomplete is not a function
JavaScript error: https://cosmobox.org/ree/cp/js/jquery.app.js, line 272: TypeError: $(...).slimscroll is not a function
JavaScript warning: https://cosmobox.org/1/js/jquery-1.9.1.min.js?v=1, line 2: Using //@ to indicate sourceMappingURL pragmas is deprecated. Use //# instead
JavaScript warning: https://cosmobox.org/1/js/jquery-1.9.1.min.js?v=1, line 2: Using //@ to indicate sourceMappingURL pragmas is deprecated. Use //# instead
1561777249356	mozrunner::runner	INFO	Running command: "/usr/bin/firefox" "-marionette" "-foreground" "-no-remote" "-profile" "/tmp/rust_mozprofile.UXpcA6XrqOK3"
1561777249594	addons.webextension.screenshots@mozilla.org	WARN	Loading extension 'screenshots@mozilla.org': Reading manifest: Invalid extension permission: mozillaAddons
1561777249594	addons.webextension.screenshots@mozilla.org	WARN	Loading extension 'screenshots@mozilla.org': Reading manifest: Invalid extension permission: resource://pdf.js/
1561777249594	addons.webextension.screenshots@mozilla.org	WARN	Loading extension 'screenshots@mozilla.org': Reading manifest: Invalid extension permission: about:reader*
1561777250682	Marionette	INFO	Listening on port 33609
1561777250760	Marionette	WARN	TLS certificate errors will be ignored for this session
JavaScript warning: https://cosmobox.org/1/js/jquery-1.9.1.min.js?v=1, line 2: Using //@ to indicate sourceMappingURL pragmas is deprecated. Use //# instead
JavaScript warning: https://cosmobox.org/1/js/jquery-1.9.1.min.js?v=1, line 2: Using //@ to indicate sourceMappingURL pragmas is deprecated. Use //# instead
JavaScript error: https://cosmobox.org/?op=my_files, line 3629: TypeError: $(...).autocomplete is not a function
JavaScript error: https://cosmobox.org/ree/cp/js/jquery.app.js, line 272: TypeError: $(...).slimscroll is not a function
JavaScript warning: https://cosmobox.org/1/js/jquery-1.9.1.min.js?v=1, line 2: Using //@ to indicate sourceMappingURL pragmas is deprecated. Use //# instead
JavaScript warning: https://cosmobox.org/1/js/jquery-1.9.1.min.js?v=1, line 2: Using //@ to indicate sourceMappingURL pragmas is deprecated. Use //# instead
1561777279079	Marionette	INFO	Stopped listening on port 33609
[Parent 14163, Gecko_IOThread] WARNING: pipe error (80): Conexión reinicializada por la máquina remota: file /build/firefox-ubqoiK/firefox-67.0.4+build1/ipc/chromium/src/chrome/common/ipc_channel_posix.cc, line 357
console.error: BroadcastService: 
  receivedBroadcastMessage: handler for
  remote-settings/monitor_changes
  threw error:
  Message: Error: Polling for changes failed: http://%(server)s/dummy/blocklist//buckets/monitor/collections/changes/records?_expected=%221561710153920%22 is not a valid URL..
  Stack:
    remoteSettingsFunction/remoteSettings.pollChanges@resource://services-settings/remote-settings.js:203:13

1561777340233	mozrunner::runner	INFO	Running command: "/usr/bin/firefox" "-marionette" "-foreground" "-no-remote" "-profile" "/tmp/rust_mozprofile.QDKTSMdZ0Plh"
1561777340458	addons.webextension.screenshots@mozilla.org	WARN	Loading extension 'screenshots@mozilla.org': Reading manifest: Invalid extension permission: mozillaAddons
1561777340458	addons.webextension.screenshots@mozilla.org	WARN	Loading extension 'screenshots@mozilla.org': Reading manifest: Invalid extension permission: resource://pdf.js/
1561777340458	addons.webextension.screenshots@mozilla.org	WARN	Loading extension 'screenshots@mozilla.org': Reading manifest: Invalid extension permission: about:reader*
1561777341416	Marionette	INFO	Listening on port 33155
1561777341437	Marionette	WARN	TLS certificate errors will be ignored for this session
JavaScript warning: https://cosmobox.org/1/js/jquery-1.9.1.min.js?v=1, line 2: Using //@ to indicate sourceMappingURL pragmas is deprecated. Use //# instead
JavaScript warning: https://cosmobox.org/1/js/jquery-1.9.1.min.js?v=1, line 2: Using //@ to indicate sourceMappingURL pragmas is deprecated. Use //# instead
JavaScript error: https://cosmobox.org/?op=my_files, line 3629: TypeError: $(...).autocomplete is not a function
JavaScript error: https://cosmobox.org/ree/cp/js/jquery.app.js, line 272: TypeError: $(...).slimscroll is not a function
JavaScript warning: https://cosmobox.org/1/js/jquery-1.9.1.min.js?v=1, line 2: Using //@ to indicate sourceMappingURL pragmas is deprecated. Use //# instead
JavaScript warning: https://cosmobox.org/1/js/jquery-1.9.1.min.js?v=1, line 2: Using //@ to indicate sourceMappingURL pragmas is deprecated. Use //# instead
Exiting due to channel error.
Exiting due to channel error.
Exiting due to channel error.
Exiting due to channel error.
Exiting due to channel error.
Exiting due to channel error.
Exiting due to channel error.
Exiting due to channel error.
Exiting due to channel error.
Exiting due to channel error.
Exiting due to channel error.
Exiting due to channel error.
Exiting due to channel error.
1563782903208	mozrunner::runner	INFO	Running command: "/usr/bin/firefox" "-marionette" "-foreground" "-no-remote" "-profile" "/tmp/rust_mozprofile.2UtTSm6N16kd"
Running Firefox as root in a regular user's session is not supported.  ($HOME is /home/oscar which is owned by oscar.)
1563783110127	mozrunner::runner	INFO	Running command: "/usr/bin/firefox" "-marionette" "-foreground" "-no-remote" "-profile" "/tmp/rust_mozprofile.Jtw28fPKEDaZ"
Running Firefox as root in a regular user's session is not supported.  ($HOME is /home/oscar which is owned by oscar.)
1563783420942	mozrunner::runner	INFO	Running command: "/usr/bin/firefox" "-marionette" "-foreground" "-no-remote" "-profile" "/tmp/rust_mozprofile.y6xwZjCy5QKP"
Running Firefox as root in a regular user's session is not supported.  ($HOME is /home/oscar which is owned by oscar.)
1563783455356	mozrunner::runner	INFO	Running command: "/usr/bin/firefox" "-marionette" "-foreground" "-no-remote" "-profile" "/tmp/rust_mozprofile.ZYe9WJqIL5uT"
1563783455590	addons.webextension.screenshots@mozilla.org	WARN	Loading extension 'screenshots@mozilla.org': Reading manifest: Invalid extension permission: mozillaAddons
1563783455591	addons.webextension.screenshots@mozilla.org	WARN	Loading extension 'screenshots@mozilla.org': Reading manifest: Invalid extension permission: telemetry
1563783455591	addons.webextension.screenshots@mozilla.org	WARN	Loading extension 'screenshots@mozilla.org': Reading manifest: Invalid extension permission: resource://pdf.js/
1563783455591	addons.webextension.screenshots@mozilla.org	WARN	Loading extension 'screenshots@mozilla.org': Reading manifest: Invalid extension permission: about:reader*
1563783456876	Marionette	INFO	Listening on port 37497
1563783456961	Marionette	WARN	TLS certificate errors will be ignored for this session
1563783489585	mozrunner::runner	INFO	Running command: "/usr/bin/firefox" "-marionette" "-foreground" "-no-remote" "-profile" "/tmp/rust_mozprofile.qabrdGFeNJR9"
1563783489819	addons.webextension.screenshots@mozilla.org	WARN	Loading extension 'screenshots@mozilla.org': Reading manifest: Invalid extension permission: mozillaAddons
1563783489819	addons.webextension.screenshots@mozilla.org	WARN	Loading extension 'screenshots@mozilla.org': Reading manifest: Invalid extension permission: telemetry
1563783489819	addons.webextension.screenshots@mozilla.org	WARN	Loading extension 'screenshots@mozilla.org': Reading manifest: Invalid extension permission: resource://pdf.js/
1563783489819	addons.webextension.screenshots@mozilla.org	WARN	Loading extension 'screenshots@mozilla.org': Reading manifest: Invalid extension permission: about:reader*
1563783490932	Marionette	INFO	Listening on port 44637
1563783490994	Marionette	WARN	TLS certificate errors will be ignored for this session
JavaScript warning: https://cosmobox.org/1/js/jquery-1.9.1.min.js?v=1, line 2: Using //@ to indicate sourceMappingURL pragmas is deprecated. Use //# instead
JavaScript warning: https://cosmobox.org/1/js/jquery-1.9.1.min.js?v=1, line 2: Using //@ to indicate sourceMappingURL pragmas is deprecated. Use //# instead
JavaScript error: https://cosmobox.org/?op=my_files, line 3629: TypeError: $(...).autocomplete is not a function
JavaScript error: https://cosmobox.org/ree/cp/js/jquery.app.js, line 272: TypeError: $(...).slimscroll is not a function
console.error: BroadcastService: 
  receivedBroadcastMessage: handler for
  remote-settings/monitor_changes
  threw error:
  Message: Error: Polling for changes failed: http://%(server)s/dummy/blocklist//buckets/monitor/collections/changes/records?_expected=%221563753612921%22 is not a valid URL..
  Stack:
    remoteSettingsFunction/remoteSettings.pollChanges@resource://services-settings/remote-settings.js:201:13

console.error: BroadcastService: 
  receivedBroadcastMessage: handler for
  remote-settings/monitor_changes
  threw error:
  Message: Error: Polling for changes failed: http://%(server)s/dummy/blocklist//buckets/monitor/collections/changes/records?_expected=%221563753612921%22 is not a valid URL..
  Stack:
    remoteSettingsFunction/remoteSettings.pollChanges@resource://services-settings/remote-settings.js:201:13

1563783600769	mozrunner::runner	INFO	Running command: "/usr/bin/firefox" "-marionette" "-foreground" "-no-remote" "-profile" "/tmp/rust_mozprofile.hjAWHDDgcDph"
Running Firefox as root in a regular user's session is not supported.  ($HOME is /home/oscar which is owned by oscar.)
